<?xml version="1.0" encoding="UTF-8"?>
<testsuite name="Academy Choucair" tests="1" skipped="1" failures="0" errors="0" timestamp="2021-09-14T17:21:08" hostname="DESKTOP-04GD58F" time="88.97">
  <properties/>
  <testcase name="Search for a automation course" classname="Academy Choucair" time="88.97">
    <skipped/>
  </testcase>
  <system-out><![CDATA[]]></system-out>
  <system-err><![CDATA[[Test worker] WARN net.thucydides.core.steps.BaseStepListener - stepStarted: net.thucydides.core.steps.ExecutedStepDescription@520e7b76
[Test worker] WARN net.thucydides.core.steps.BaseStepListener - stepStarted: net.thucydides.core.steps.ExecutedStepDescription@39b12466
[Test worker] WARN net.thucydides.core.steps.BaseStepListener - stepStarted: net.thucydides.core.steps.ExecutedStepDescription@60ce192e
sep 14, 2021 12:21:15 PM org.openqa.selenium.remote.DesiredCapabilities chrome
INFORMACIÓN: Using `new ChromeOptions()` is preferred to `DesiredCapabilities.chrome()`
[Test worker] INFO net.serenitybdd.core.webdriver.driverproviders.ProvideNewDriver - Instantiating driver
[Test worker] INFO net.serenitybdd.core.webdriver.driverproviders.ProvideNewDriver - Driver capabilities: Capabilities {acceptInsecureCerts: false, browserName: chrome, chrome.switches: --start-maximized, goog:chromeOptions: {args: [--start-maximized], extensions: []}, loggingPrefs: org.openqa.selenium.logging..., platform: ANY, version: }
Starting ChromeDriver 93.0.4577.63 (ff5c0da2ec0adeaed5550e6c7e98417dac77d98a-refs/branch-heads/4577@{#1135}) on port 18109
Only local connections are allowed.
Please see https://chromedriver.chromium.org/security-considerations for suggestions on keeping ChromeDriver safe.
ChromeDriver was started successfully.
sep 14, 2021 12:21:50 PM org.openqa.selenium.remote.ProtocolHandshake createSession
INFORMACIÓN: Detected dialect: W3C
[Test worker] WARN net.thucydides.core.steps.BaseStepListener - stepFinished: current outcome:Search for a automation course:Given than Jhonatan wants to learn automation at the academy Choucair
| strUser | strPassword |
| 1016108345 | Choucair2021* | [Jhonatan open up [Jhonatan opens the Choucair academy page]]
[Test worker] WARN net.thucydides.core.steps.BaseStepListener - stepFinished: current outcome:Search for a automation course:Given than Jhonatan wants to learn automation at the academy Choucair
| strUser | strPassword |
| 1016108345 | Choucair2021* | [Jhonatan open up [Jhonatan opens the Choucair academy page]]
[Test worker] WARN net.thucydides.core.steps.BaseStepListener - stepStarted: net.thucydides.core.steps.ExecutedStepDescription@6e30345
[Test worker] WARN net.thucydides.core.steps.BaseStepListener - stepStarted: net.thucydides.core.steps.ExecutedStepDescription@1f2bd7b2
[Test worker] WARN net.thucydides.core.steps.BaseStepListener - stepFinished: current outcome:Search for a automation course:Given than Jhonatan wants to learn automation at the academy Choucair
| strUser | strPassword |
| 1016108345 | Choucair2021* | [Jhonatan open up [Jhonatan opens the Choucair academy page], Jhonatan login [Jhonatan clicks on button that shows us the form to login]]
[Test worker] WARN net.thucydides.core.steps.BaseStepListener - stepStarted: net.thucydides.core.steps.ExecutedStepDescription@6fadfc70
[Test worker] WARN net.thucydides.core.steps.BaseStepListener - stepFinished: current outcome:Search for a automation course:Given than Jhonatan wants to learn automation at the academy Choucair
| strUser | strPassword |
| 1016108345 | Choucair2021* | [Jhonatan open up [Jhonatan opens the Choucair academy page], Jhonatan login [Jhonatan clicks on button that shows us the form to login, Jhonatan enters '1016108345' into where do we write the user]]
[Test worker] WARN net.thucydides.core.steps.BaseStepListener - stepStarted: net.thucydides.core.steps.ExecutedStepDescription@4e1fffba
[Test worker] WARN net.thucydides.core.steps.BaseStepListener - stepFinished: current outcome:Search for a automation course:Given than Jhonatan wants to learn automation at the academy Choucair
| strUser | strPassword |
| 1016108345 | Choucair2021* | [Jhonatan open up [Jhonatan opens the Choucair academy page], Jhonatan login [Jhonatan clicks on button that shows us the form to login, Jhonatan enters '1016108345' into where do we write the user, Jhonatan enters 'Choucair2021*' into where do we write the password]]
[Test worker] WARN net.thucydides.core.steps.BaseStepListener - stepStarted: net.thucydides.core.steps.ExecutedStepDescription@7aa95af6
[Test worker] WARN net.thucydides.core.steps.BaseStepListener - stepFinished: current outcome:Search for a automation course:Given than Jhonatan wants to learn automation at the academy Choucair
| strUser | strPassword |
| 1016108345 | Choucair2021* | [Jhonatan open up [Jhonatan opens the Choucair academy page], Jhonatan login [Jhonatan clicks on button that shows us the form to login, Jhonatan enters '1016108345' into where do we write the user, Jhonatan enters 'Choucair2021*' into where do we write the password, Jhonatan clicks on button to confirm login]]
[Test worker] WARN net.thucydides.core.steps.BaseStepListener - stepFinished: current outcome:Search for a automation course:Given than Jhonatan wants to learn automation at the academy Choucair
| strUser | strPassword |
| 1016108345 | Choucair2021* | [Jhonatan open up [Jhonatan opens the Choucair academy page], Jhonatan login [Jhonatan clicks on button that shows us the form to login, Jhonatan enters '1016108345' into where do we write the user, Jhonatan enters 'Choucair2021*' into where do we write the password, Jhonatan clicks on button to confirm login]]
[Test worker] WARN net.thucydides.core.steps.BaseStepListener - stepFinished: current outcome:Search for a automation course:Given than Jhonatan wants to learn automation at the academy Choucair
| strUser | strPassword |
| 1016108345 | Choucair2021* | [Jhonatan open up [Jhonatan opens the Choucair academy page], Jhonatan login [Jhonatan clicks on button that shows us the form to login, Jhonatan enters '1016108345' into where do we write the user, Jhonatan enters 'Choucair2021*' into where do we write the password, Jhonatan clicks on button to confirm login]]
[Test worker] WARN net.thucydides.core.steps.BaseStepListener - stepStarted: net.thucydides.core.steps.ExecutedStepDescription@66b3f8d8
[Test worker] INFO net.thucydides.core.steps.ConsoleLoggingListener - TEST PENDING
[Test worker] WARN net.thucydides.core.steps.BaseStepListener - stepStarted: net.thucydides.core.steps.ExecutedStepDescription@7d0174e5
[Test worker] WARN net.thucydides.core.steps.BaseStepListener - testFinished: Search for a automation course:Given than Jhonatan wants to learn automation at the academy Choucair
| strUser | strPassword |
| 1016108345 | Choucair2021* | [Jhonatan open up [Jhonatan opens the Choucair academy page], Jhonatan login [Jhonatan clicks on button that shows us the form to login, Jhonatan enters '1016108345' into where do we write the user, Jhonatan enters 'Choucair2021*' into where do we write the password, Jhonatan clicks on button to confirm login]], When he search for the course on the Choucair Academy platform
| strCourse |
| Recursos Automatización Bancolombia |, Then he finds the course called
| strCourse |
| Recursos Automatización Bancolombia |
[Test worker] WARN net.thucydides.core.steps.BaseStepListener - TestOutcomes: [Search for a automation course:Given than Jhonatan wants to learn automation at the academy Choucair
| strUser | strPassword |
| 1016108345 | Choucair2021* | [Jhonatan open up [Jhonatan opens the Choucair academy page], Jhonatan login [Jhonatan clicks on button that shows us the form to login, Jhonatan enters '1016108345' into where do we write the user, Jhonatan enters 'Choucair2021*' into where do we write the password, Jhonatan clicks on button to confirm login]], When he search for the course on the Choucair Academy platform
| strCourse |
| Recursos Automatización Bancolombia |, Then he finds the course called
| strCourse |
| Recursos Automatización Bancolombia |]
[Test worker] WARN net.thucydides.core.steps.BaseStepListener - Final testOutcomes: [Search for a automation course:Given than Jhonatan wants to learn automation at the academy Choucair
| strUser | strPassword |
| 1016108345 | Choucair2021* | [Jhonatan open up [Jhonatan opens the Choucair academy page], Jhonatan login [Jhonatan clicks on button that shows us the form to login, Jhonatan enters '1016108345' into where do we write the user, Jhonatan enters 'Choucair2021*' into where do we write the password, Jhonatan clicks on button to confirm login]], When he search for the course on the Choucair Academy platform
| strCourse |
| Recursos Automatización Bancolombia |, Then he finds the course called
| strCourse |
| Recursos Automatización Bancolombia |]
[Test worker] INFO net.thucydides.core.steps.ConsoleLoggingListener - 
          __  _____ _____ ____ _____   ____  _____ _   _ ____ ___ _   _  ____ 
 _       / / |_   _| ____/ ___|_   _| |  _ \| ____| \ | |  _ \_ _| \ | |/ ___|
(_)____ / /    | | |  _| \___ \ | |   | |_) |  _| |  \| | | | | ||  \| | |  _ 
 |_____/ /     | | | |___ ___) || |   |  __/| |___| |\  | |_| | || |\  | |_| |
(_)   /_/      |_| |_____|____/ |_|   |_|   |_____|_| \_|____/___|_| \_|\____|
                                                                                

TEST PENDING: Search for a automation course
---------------------------------------------------------------------------------
]]></system-err>
</testsuite>
